#
# There is insufficient memory for the Java Runtime Environment to continue.
# Native memory allocation (malloc) failed to allocate 32744 bytes for ChunkPool::allocate
# Possible reasons:
#   The system is out of physical RAM or swap space
#   The process is running with CompressedOops enabled, and the Java Heap may be blocking the growth of the native heap
# Possible solutions:
#   Reduce memory load on the system
#   Increase physical memory or swap space
#   Check if swap backing store is full
#   Decrease Java heap size (-Xmx/-Xms)
#   Decrease number of Java threads
#   Decrease Java thread stack sizes (-Xss)
#   Set larger code cache with -XX:ReservedCodeCacheSize=
#   JVM is running with Unscaled Compressed Oops mode in which the Java heap is
#     placed in the first 4GB address space. The Java Heap base address is the
#     maximum limit for the native heap growth. Please use -XX:HeapBaseMinAddress
#     to set the Java Heap base and to place the Java Heap above 4GB virtual address.
# This output file may be truncated or incomplete.
#
#  Out of Memory Error (./src/hotspot/share/memory/arena.cpp:81), pid=12312, tid=18796
#
# JRE version: OpenJDK Runtime Environment OpenLogic-OpenJDK (11.0.18+10) (build 11.0.18+10-adhoc..jdk11u)
# Java VM: OpenJDK 64-Bit Server VM OpenLogic-OpenJDK (11.0.18+10-adhoc..jdk11u, mixed mode, tiered, compressed oops, g1 gc, windows-amd64)
# No core dump will be written. Minidumps are not enabled by default on client versions of Windows
#

---------------  S U M M A R Y ------------

Command Line: -agentlib:jdwp=transport=dt_socket,server=n,suspend=y,address=127.0.0.1:52218 -Dfile.encoding=windows-1252 -Duser.country=GB -Duser.language=en -Duser.variant com.ii.testautomation.InvictaTestAutomationProjectApplication

Host: Intel(R) Core(TM) i5-8250U CPU @ 1.60GHz, 8 cores, 7G,  Windows 11 , 64 bit Build 22621 (10.0.22621.2215)
Time: Wed Sep 20 14:06:06 2023 Sri Lanka Standard Time elapsed time: 2.837762 seconds (0d 0h 0m 2s)

---------------  T H R E A D  ---------------

Current thread (0x000002567a1a3000):  JavaThread "main" [_thread_in_vm, id=18796, stack(0x000000d88d600000,0x000000d88d700000)]

Stack: [0x000000d88d600000,0x000000d88d700000]
Native frames: (J=compiled Java code, j=interpreted, Vv=VM code, C=native code)
V  [jvm.dll+0x61e0ba]
V  [jvm.dll+0x75b0b9]
V  [jvm.dll+0x75c7a8]
V  [jvm.dll+0x75ce83]
V  [jvm.dll+0x24de78]
V  [jvm.dll+0xc16cb]
V  [jvm.dll+0xc1a2c]
V  [jvm.dll+0x3f706b]
C  0x00000256115cf193

Java frames: (J=compiled Java code, j=interpreted, Vv=VM code)
J 667  java.lang.Object.clone()Ljava/lang/Object; java.base@11.0.18 (0 bytes) @ 0x00000256115cf0fb [0x00000256115cf0c0+0x000000000000003b]
j  java.lang.invoke.LambdaForm.<init>(I[Ljava/lang/invoke/LambdaForm$Name;IZLjava/lang/invoke/MethodHandle;Ljava/lang/invoke/LambdaForm$Kind;)V+47 java.base@11.0.18
j  java.lang.invoke.LambdaForm.<init>(I[Ljava/lang/invoke/LambdaForm$Name;I)V+9 java.base@11.0.18
j  java.lang.invoke.LambdaFormBuffer.lambdaForm()Ljava/lang/invoke/LambdaForm;+37 java.base@11.0.18
j  java.lang.invoke.LambdaFormBuffer.endEdit()Ljava/lang/invoke/LambdaForm;+304 java.base@11.0.18
j  java.lang.invoke.LambdaFormEditor.addArgumentForm(ILjava/lang/invoke/LambdaForm$BasicType;)Ljava/lang/invoke/LambdaForm;+108 java.base@11.0.18
j  java.lang.invoke.MethodHandles.dropArguments0(Ljava/lang/invoke/MethodHandle;ILjava/util/List;)Ljava/lang/invoke/MethodHandle;+91 java.base@11.0.18
j  java.lang.invoke.MethodHandles.dropArguments(Ljava/lang/invoke/MethodHandle;I[Ljava/lang/Class;)Ljava/lang/invoke/MethodHandle;+6 java.base@11.0.18
j  java.lang.invoke.StringConcatFactory$MethodHandleInlineCopyStrategy.generate(Ljava/lang/invoke/MethodType;Ljava/lang/invoke/StringConcatFactory$Recipe;)Ljava/lang/invoke/MethodHandle;+468 java.base@11.0.18
j  java.lang.invoke.StringConcatFactory.generate(Ljava/lang/invoke/MethodHandles$Lookup;Ljava/lang/String;Ljava/lang/invoke/MethodType;Ljava/lang/invoke/StringConcatFactory$Recipe;)Ljava/lang/invoke/MethodHandle;+101 java.base@11.0.18
j  java.lang.invoke.StringConcatFactory.doStringConcat(Ljava/lang/invoke/MethodHandles$Lookup;Ljava/lang/String;Ljava/lang/invoke/MethodType;ZLjava/lang/String;[Ljava/lang/Object;)Ljava/lang/invoke/CallSite;+507 java.base@11.0.18
j  java.lang.invoke.StringConcatFactory.makeConcatWithConstants(Ljava/lang/invoke/MethodHandles$Lookup;Ljava/lang/String;Ljava/lang/invoke/MethodType;Ljava/lang/String;[Ljava/lang/Object;)Ljava/lang/invoke/CallSite;+71 java.base@11.0.18
j  java.lang.invoke.DirectMethodHandle$Holder.invokeStatic(Ljava/lang/Object;Ljava/lang/Object;Ljava/lang/Object;Ljava/lang/Object;Ljava/lang/Object;Ljava/lang/Object;)Ljava/lang/Object;+18 java.base@11.0.18
j  java.lang.invoke.DelegatingMethodHandle$Holder.delegate(Ljava/lang/Object;Ljava/lang/Object;Ljava/lang/Object;Ljava/lang/Object;Ljava/lang/Object;Ljava/lang/Object;)Ljava/lang/Object;+21 java.base@11.0.18
j  java.lang.invoke.Invokers$Holder.invokeExact_MT(Ljava/lang/Object;Ljava/lang/Object;Ljava/lang/Object;Ljava/lang/Object;Ljava/lang/Object;Ljava/lang/Object;Ljava/lang/Object;)Ljava/lang/Object;+26 java.base@11.0.18
j  java.lang.invoke.BootstrapMethodInvoker.invoke(Ljava/lang/Class;Ljava/lang/invoke/MethodHandle;Ljava/lang/String;Ljava/lang/Object;Ljava/lang/Object;Ljava/lang/Class;)Ljava/lang/Object;+134 java.base@11.0.18
j  java.lang.invoke.CallSite.makeSite(Ljava/lang/invoke/MethodHandle;Ljava/lang/String;Ljava/lang/invoke/MethodType;Ljava/lang/Object;Ljava/lang/Class;)Ljava/lang/invoke/CallSite;+8 java.base@11.0.18
j  java.lang.invoke.MethodHandleNatives.linkCallSiteImpl(Ljava/lang/Class;Ljava/lang/invoke/MethodHandle;Ljava/lang/String;Ljava/lang/invoke/MethodType;Ljava/lang/Object;[Ljava/lang/Object;)Ljava/lang/invoke/MemberName;+6 java.base@11.0.18
j  java.lang.invoke.MethodHandleNatives.linkCallSite(Ljava/lang/Object;ILjava/lang/Object;Ljava/lang/Object;Ljava/lang/Object;Ljava/lang/Object;[Ljava/lang/Object;)Ljava/lang/invoke/MemberName;+46 java.base@11.0.18
v  ~StubRoutines::call_stub
j  sun.management.VMManagementImpl.getVmId()Ljava/lang/String;+21 java.management@11.0.18
j  sun.management.RuntimeImpl.getName()Ljava/lang/String;+4 java.management@11.0.18
j  org.springframework.boot.system.ApplicationPid.resolveJvmName()Ljava/lang/String;+7
j  org.springframework.boot.system.ApplicationPid.getPid()Ljava/lang/String;+1
j  org.springframework.boot.system.ApplicationPid.<init>()V+6
j  org.springframework.boot.logging.LoggingSystemProperties.apply(Lorg/springframework/boot/logging/LogFile;Lorg/springframework/core/env/PropertyResolver;)V+16
j  org.springframework.boot.logging.logback.LogbackLoggingSystemProperties.apply(Lorg/springframework/boot/logging/LogFile;Lorg/springframework/core/env/PropertyResolver;)V+3
j  org.springframework.boot.logging.LoggingSystemProperties.apply(Lorg/springframework/boot/logging/LogFile;)V+8
j  org.springframework.boot.logging.LoggingSystemProperties.apply()V+2
j  org.springframework.boot.context.logging.LoggingApplicationListener.initialize(Lorg/springframework/core/env/ConfigurableEnvironment;Ljava/lang/ClassLoader;)V+5
j  org.springframework.boot.context.logging.LoggingApplicationListener.onApplicationEnvironmentPreparedEvent(Lorg/springframework/boot/context/event/ApplicationEnvironmentPreparedEvent;)V+32
j  org.springframework.boot.context.logging.LoggingApplicationListener.onApplicationEvent(Lorg/springframework/context/ApplicationEvent;)V+30
j  org.springframework.context.event.SimpleApplicationEventMulticaster.doInvokeListener(Lorg/springframework/context/ApplicationListener;Lorg/springframework/context/ApplicationEvent;)V+2
j  org.springframework.context.event.SimpleApplicationEventMulticaster.invokeListener(Lorg/springframework/context/ApplicationListener;Lorg/springframework/context/ApplicationEvent;)V+34
j  org.springframework.context.event.SimpleApplicationEventMulticaster.multicastEvent(Lorg/springframework/context/ApplicationEvent;Lorg/springframework/core/ResolvableType;)V+83
j  org.springframework.context.event.SimpleApplicationEventMulticaster.multicastEvent(Lorg/springframework/context/ApplicationEvent;)V+7
j  org.springframework.boot.context.event.EventPublishingRunListener.environmentPrepared(Lorg/springframework/boot/ConfigurableBootstrapContext;Lorg/springframework/core/env/ConfigurableEnvironment;)V+21
j  org.springframework.boot.SpringApplicationRunListeners.lambda$environmentPrepared$2(Lorg/springframework/boot/ConfigurableBootstrapContext;Lorg/springframework/core/env/ConfigurableEnvironment;Lorg/springframework/boot/SpringApplicationRunListener;)V+3
j  org.springframework.boot.SpringApplicationRunListeners$$Lambda$58.accept(Ljava/lang/Object;)V+12
j  java.util.ArrayList.forEach(Ljava/util/function/Consumer;)V+46 java.base@11.0.18
j  org.springframework.boot.SpringApplicationRunListeners.doWithListeners(Ljava/lang/String;Ljava/util/function/Consumer;Ljava/util/function/Consumer;)V+17
j  org.springframework.boot.SpringApplicationRunListeners.doWithListeners(Ljava/lang/String;Ljava/util/function/Consumer;)V+4
j  org.springframework.boot.SpringApplicationRunListeners.environmentPrepared(Lorg/springframework/boot/ConfigurableBootstrapContext;Lorg/springframework/core/env/ConfigurableEnvironment;)V+10
j  org.springframework.boot.SpringApplication.prepareEnvironment(Lorg/springframework/boot/SpringApplicationRunListeners;Lorg/springframework/boot/DefaultBootstrapContext;Lorg/springframework/boot/ApplicationArguments;)Lorg/springframework/core/env/ConfigurableEnvironment;+27
j  org.springframework.boot.SpringApplication.run([Ljava/lang/String;)Lorg/springframework/context/ConfigurableApplicationContext;+52
j  org.springframework.boot.SpringApplication.run([Ljava/lang/Class;[Ljava/lang/String;)Lorg/springframework/context/ConfigurableApplicationContext;+9
j  org.springframework.boot.SpringApplication.run(Ljava/lang/Class;[Ljava/lang/String;)Lorg/springframework/context/ConfigurableApplicationContext;+9
j  com.ii.testautomation.InvictaTestAutomationProjectApplication.main([Ljava/lang/String;)V+3
v  ~StubRoutines::call_stub

---------------  P R O C E S S  ---------------

Threads class SMR info:
_java_thread_list=0x000002561be056a0, length=13, elements={
0x000002567a1a3000, 0x000002567fb2b800, 0x000002567fb58000, 0x000002561b30c800,
0x000002561b311000, 0x000002561b318000, 0x000002561b31b800, 0x000002561b327000,
0x000002561b32d800, 0x000002561b4d1000, 0x000002561b4d6000, 0x000002561b4d7000,
0x000002561b312000
}

Java Threads: ( => current thread )
=>0x000002567a1a3000 JavaThread "main" [_thread_in_vm, id=18796, stack(0x000000d88d600000,0x000000d88d700000)]
  0x000002567fb2b800 JavaThread "Reference Handler" daemon [_thread_blocked, id=16580, stack(0x000000d88dd00000,0x000000d88de00000)]
  0x000002567fb58000 JavaThread "Finalizer" daemon [_thread_blocked, id=10456, stack(0x000000d88de00000,0x000000d88df00000)]
  0x000002561b30c800 JavaThread "Signal Dispatcher" daemon [_thread_blocked, id=5156, stack(0x000000d88df00000,0x000000d88e000000)]
  0x000002561b311000 JavaThread "Attach Listener" daemon [_thread_blocked, id=8596, stack(0x000000d88e000000,0x000000d88e100000)]
  0x000002561b318000 JavaThread "Service Thread" daemon [_thread_blocked, id=1696, stack(0x000000d88e100000,0x000000d88e200000)]
  0x000002561b31b800 JavaThread "C2 CompilerThread0" daemon [_thread_in_native, id=14216, stack(0x000000d88e200000,0x000000d88e300000)]
  0x000002561b327000 JavaThread "C1 CompilerThread0" daemon [_thread_blocked, id=9340, stack(0x000000d88e300000,0x000000d88e400000)]
  0x000002561b32d800 JavaThread "Sweeper thread" daemon [_thread_blocked, id=18616, stack(0x000000d88e400000,0x000000d88e500000)]
  0x000002561b4d1000 JavaThread "JDWP Transport Listener: dt_socket" daemon [_thread_blocked, id=19332, stack(0x000000d88e500000,0x000000d88e600000)]
  0x000002561b4d6000 JavaThread "JDWP Event Helper Thread" daemon [_thread_blocked, id=17224, stack(0x000000d88e600000,0x000000d88e700000)]
  0x000002561b4d7000 JavaThread "JDWP Command Reader" daemon [_thread_in_native, id=2028, stack(0x000000d88e700000,0x000000d88e800000)]
  0x000002561b312000 JavaThread "Common-Cleaner" daemon [_thread_blocked, id=3236, stack(0x000000d88e900000,0x000000d88ea00000)]

Other Threads:
  0x000002567fb2a800 VMThread "VM Thread" [stack: 0x000000d88dc00000,0x000000d88dd00000] [id=13464]
  0x000002561b4e8800 WatcherThread [stack: 0x000000d88e800000,0x000000d88e900000] [id=14220]
  0x000002567a1ba800 GCTaskThread "GC Thread#0" [stack: 0x000000d88d700000,0x000000d88d800000] [id=6700]
  0x000002561c3c0000 GCTaskThread "GC Thread#1" [stack: 0x000000d88eb00000,0x000000d88ec00000] [id=7872]
  0x000002561c12c000 GCTaskThread "GC Thread#2" [stack: 0x000000d88ec00000,0x000000d88ed00000] [id=15532]
  0x000002567a1ec000 ConcurrentGCThread "G1 Main Marker" [stack: 0x000000d88d800000,0x000000d88d900000] [id=12148]
  0x000002567a1ed800 ConcurrentGCThread "G1 Conc#0" [stack: 0x000000d88d900000,0x000000d88da00000] [id=272]
  0x000002567f994800 ConcurrentGCThread "G1 Refine#0" [stack: 0x000000d88da00000,0x000000d88db00000] [id=2536]
  0x000002567f995000 ConcurrentGCThread "G1 Young RemSet Sampling" [stack: 0x000000d88db00000,0x000000d88dc00000] [id=9180]

Threads with active compile tasks:
C2 CompilerThread0     2866 1305 %     4       jdk.internal.loader.URLClassPath::getResource @ 39 (74 bytes)

VM state:not at safepoint (normal execution)

VM Mutex/Monitor currently owned by a thread: None

Heap address: 0x0000000081a00000, size: 2022 MB, Compressed Oops mode: 32-bit
Narrow klass base: 0x0000000000000000, Narrow klass shift: 3
Compressed class space size: 1073741824 Address: 0x0000000100000000

Heap:
 garbage-first heap   total 131072K, used 37056K [0x0000000081a00000, 0x0000000100000000)
  region size 1024K, 32 young (32768K), 3 survivors (3072K)
 Metaspace       used 16023K, capacity 16446K, committed 16640K, reserved 1064960K
  class space    used 1634K, capacity 1791K, committed 1792K, reserved 1048576K
Heap Regions: E=young(eden), S=young(survivor), O=old, HS=humongous(starts), HC=humongous(continues), CS=collection set, F=free, A=archive, TAMS=top-at-mark-start (previous, next)
|   0|0x0000000081a00000, 0x0000000081b00000, 0x0000000081b00000|100%|HS|  |TAMS 0x0000000081a00000, 0x0000000081a00000| Complete 
|   1|0x0000000081b00000, 0x0000000081c00000, 0x0000000081c00000|100%| O|  |TAMS 0x0000000081b00000, 0x0000000081b00000| Untracked 
|   2|0x0000000081c00000, 0x0000000081d00000, 0x0000000081d00000|100%| O|  |TAMS 0x0000000081c00000, 0x0000000081c00000| Untracked 
|   3|0x0000000081d00000, 0x0000000081e00000, 0x0000000081e00000|100%| O|  |TAMS 0x0000000081d00000, 0x0000000081d00000| Untracked 
|   4|0x0000000081e00000, 0x0000000081f00000, 0x0000000081f00000|100%| O|  |TAMS 0x0000000081e00000, 0x0000000081e00000| Untracked 
|   5|0x0000000081f00000, 0x0000000081f30200, 0x0000000082000000| 18%| O|  |TAMS 0x0000000081f00000, 0x0000000081f00000| Untracked 
|   6|0x0000000082000000, 0x0000000082000000, 0x0000000082100000|  0%| F|  |TAMS 0x0000000082000000, 0x0000000082000000| Untracked 
|   7|0x0000000082100000, 0x0000000082100000, 0x0000000082200000|  0%| F|  |TAMS 0x0000000082100000, 0x0000000082100000| Untracked 
|   8|0x0000000082200000, 0x0000000082200000, 0x0000000082300000|  0%| F|  |TAMS 0x0000000082200000, 0x0000000082200000| Untracked 
|   9|0x0000000082300000, 0x0000000082300000, 0x0000000082400000|  0%| F|  |TAMS 0x0000000082300000, 0x0000000082300000| Untracked 
|  10|0x0000000082400000, 0x0000000082400000, 0x0000000082500000|  0%| F|  |TAMS 0x0000000082400000, 0x0000000082400000| Untracked 
|  11|0x0000000082500000, 0x0000000082500000, 0x0000000082600000|  0%| F|  |TAMS 0x0000000082500000, 0x0000000082500000| Untracked 
|  12|0x0000000082600000, 0x0000000082600000, 0x0000000082700000|  0%| F|  |TAMS 0x0000000082600000, 0x0000000082600000| Untracked 
|  13|0x0000000082700000, 0x0000000082700000, 0x0000000082800000|  0%| F|  |TAMS 0x0000000082700000, 0x0000000082700000| Untracked 
|  14|0x0000000082800000, 0x0000000082800000, 0x0000000082900000|  0%| F|  |TAMS 0x0000000082800000, 0x0000000082800000| Untracked 
|  15|0x0000000082900000, 0x0000000082900000, 0x0000000082a00000|  0%| F|  |TAMS 0x0000000082900000, 0x0000000082900000| Untracked 
|  16|0x0000000082a00000, 0x0000000082a00000, 0x0000000082b00000|  0%| F|  |TAMS 0x0000000082a00000, 0x0000000082a00000| Untracked 
|  17|0x0000000082b00000, 0x0000000082b00000, 0x0000000082c00000|  0%| F|  |TAMS 0x0000000082b00000, 0x0000000082b00000| Untracked 
|  18|0x0000000082c00000, 0x0000000082c00000, 0x0000000082d00000|  0%| F|  |TAMS 0x0000000082c00000, 0x0000000082c00000| Untracked 
|  19|0x0000000082d00000, 0x0000000082d00000, 0x0000000082e00000|  0%| F|  |TAMS 0x0000000082d00000, 0x0000000082d00000| Untracked 
|  20|0x0000000082e00000, 0x0000000082e00000, 0x0000000082f00000|  0%| F|  |TAMS 0x0000000082e00000, 0x0000000082e00000| Untracked 
|  21|0x0000000082f00000, 0x0000000082f00000, 0x0000000083000000|  0%| F|  |TAMS 0x0000000082f00000, 0x0000000082f00000| Untracked 
|  22|0x0000000083000000, 0x0000000083000000, 0x0000000083100000|  0%| F|  |TAMS 0x0000000083000000, 0x0000000083000000| Untracked 
|  23|0x0000000083100000, 0x0000000083100000, 0x0000000083200000|  0%| F|  |TAMS 0x0000000083100000, 0x0000000083100000| Untracked 
|  24|0x0000000083200000, 0x0000000083200000, 0x0000000083300000|  0%| F|  |TAMS 0x0000000083200000, 0x0000000083200000| Untracked 
|  25|0x0000000083300000, 0x0000000083300000, 0x0000000083400000|  0%| F|  |TAMS 0x0000000083300000, 0x0000000083300000| Untracked 
|  26|0x0000000083400000, 0x0000000083400000, 0x0000000083500000|  0%| F|  |TAMS 0x0000000083400000, 0x0000000083400000| Untracked 
|  27|0x0000000083500000, 0x0000000083500000, 0x0000000083600000|  0%| F|  |TAMS 0x0000000083500000, 0x0000000083500000| Untracked 
|  28|0x0000000083600000, 0x0000000083600000, 0x0000000083700000|  0%| F|  |TAMS 0x0000000083600000, 0x0000000083600000| Untracked 
|  29|0x0000000083700000, 0x0000000083700000, 0x0000000083800000|  0%| F|  |TAMS 0x0000000083700000, 0x0000000083700000| Untracked 
|  30|0x0000000083800000, 0x0000000083800000, 0x0000000083900000|  0%| F|  |TAMS 0x0000000083800000, 0x0000000083800000| Untracked 
|  31|0x0000000083900000, 0x0000000083900000, 0x0000000083a00000|  0%| F|  |TAMS 0x0000000083900000, 0x0000000083900000| Untracked 
|  32|0x0000000083a00000, 0x0000000083a00000, 0x0000000083b00000|  0%| F|  |TAMS 0x0000000083a00000, 0x0000000083a00000| Untracked 
|  33|0x0000000083b00000, 0x0000000083b00000, 0x0000000083c00000|  0%| F|  |TAMS 0x0000000083b00000, 0x0000000083b00000| Untracked 
|  34|0x0000000083c00000, 0x0000000083c00000, 0x0000000083d00000|  0%| F|  |TAMS 0x0000000083c00000, 0x0000000083c00000| Untracked 
|  35|0x0000000083d00000, 0x0000000083d00000, 0x0000000083e00000|  0%| F|  |TAMS 0x0000000083d00000, 0x0000000083d00000| Untracked 
|  36|0x0000000083e00000, 0x0000000083e00000, 0x0000000083f00000|  0%| F|  |TAMS 0x0000000083e00000, 0x0000000083e00000| Untracked 
|  37|0x0000000083f00000, 0x0000000083f00000, 0x0000000084000000|  0%| F|  |TAMS 0x0000000083f00000, 0x0000000083f00000| Untracked 
|  38|0x0000000084000000, 0x0000000084000000, 0x0000000084100000|  0%| F|  |TAMS 0x0000000084000000, 0x0000000084000000| Untracked 
|  39|0x0000000084100000, 0x0000000084100000, 0x0000000084200000|  0%| F|  |TAMS 0x0000000084100000, 0x0000000084100000| Untracked 
|  40|0x0000000084200000, 0x0000000084200000, 0x0000000084300000|  0%| F|  |TAMS 0x0000000084200000, 0x0000000084200000| Untracked 
|  41|0x0000000084300000, 0x0000000084300000, 0x0000000084400000|  0%| F|  |TAMS 0x0000000084300000, 0x0000000084300000| Untracked 
|  42|0x0000000084400000, 0x0000000084400000, 0x0000000084500000|  0%| F|  |TAMS 0x0000000084400000, 0x0000000084400000| Untracked 
|  43|0x0000000084500000, 0x0000000084500000, 0x0000000084600000|  0%| F|  |TAMS 0x0000000084500000, 0x0000000084500000| Untracked 
|  44|0x0000000084600000, 0x0000000084600000, 0x0000000084700000|  0%| F|  |TAMS 0x0000000084600000, 0x0000000084600000| Untracked 
|  45|0x0000000084700000, 0x0000000084700000, 0x0000000084800000|  0%| F|  |TAMS 0x0000000084700000, 0x0000000084700000| Untracked 
|  46|0x0000000084800000, 0x0000000084800000, 0x0000000084900000|  0%| F|  |TAMS 0x0000000084800000, 0x0000000084800000| Untracked 
|  47|0x0000000084900000, 0x0000000084900000, 0x0000000084a00000|  0%| F|  |TAMS 0x0000000084900000, 0x0000000084900000| Untracked 
|  48|0x0000000084a00000, 0x0000000084a00000, 0x0000000084b00000|  0%| F|  |TAMS 0x0000000084a00000, 0x0000000084a00000| Untracked 
|  49|0x0000000084b00000, 0x0000000084b00000, 0x0000000084c00000|  0%| F|  |TAMS 0x0000000084b00000, 0x0000000084b00000| Untracked 
|  50|0x0000000084c00000, 0x0000000084c00000, 0x0000000084d00000|  0%| F|  |TAMS 0x0000000084c00000, 0x0000000084c00000| Untracked 
|  51|0x0000000084d00000, 0x0000000084d00000, 0x0000000084e00000|  0%| F|  |TAMS 0x0000000084d00000, 0x0000000084d00000| Untracked 
|  52|0x0000000084e00000, 0x0000000084e00000, 0x0000000084f00000|  0%| F|  |TAMS 0x0000000084e00000, 0x0000000084e00000| Untracked 
|  53|0x0000000084f00000, 0x0000000084f00000, 0x0000000085000000|  0%| F|  |TAMS 0x0000000084f00000, 0x0000000084f00000| Untracked 
|  54|0x0000000085000000, 0x0000000085000000, 0x0000000085100000|  0%| F|  |TAMS 0x0000000085000000, 0x0000000085000000| Untracked 
|  55|0x0000000085100000, 0x0000000085100000, 0x0000000085200000|  0%| F|  |TAMS 0x0000000085100000, 0x0000000085100000| Untracked 
|  56|0x0000000085200000, 0x0000000085200000, 0x0000000085300000|  0%| F|  |TAMS 0x0000000085200000, 0x0000000085200000| Untracked 
|  57|0x0000000085300000, 0x0000000085300000, 0x0000000085400000|  0%| F|  |TAMS 0x0000000085300000, 0x0000000085300000| Untracked 
|  58|0x0000000085400000, 0x0000000085400000, 0x0000000085500000|  0%| F|  |TAMS 0x0000000085400000, 0x0000000085400000| Untracked 
|  59|0x0000000085500000, 0x0000000085500000, 0x0000000085600000|  0%| F|  |TAMS 0x0000000085500000, 0x0000000085500000| Untracked 
|  60|0x0000000085600000, 0x0000000085600000, 0x0000000085700000|  0%| F|  |TAMS 0x0000000085600000, 0x0000000085600000| Untracked 
|  61|0x0000000085700000, 0x0000000085700000, 0x0000000085800000|  0%| F|  |TAMS 0x0000000085700000, 0x0000000085700000| Untracked 
|  62|0x0000000085800000, 0x0000000085800000, 0x0000000085900000|  0%| F|  |TAMS 0x0000000085800000, 0x0000000085800000| Untracked 
|  63|0x0000000085900000, 0x0000000085900000, 0x0000000085a00000|  0%| F|  |TAMS 0x0000000085900000, 0x0000000085900000| Untracked 
|  64|0x0000000085a00000, 0x0000000085a00000, 0x0000000085b00000|  0%| F|  |TAMS 0x0000000085a00000, 0x0000000085a00000| Untracked 
|  65|0x0000000085b00000, 0x0000000085b00000, 0x0000000085c00000|  0%| F|  |TAMS 0x0000000085b00000, 0x0000000085b00000| Untracked 
|  66|0x0000000085c00000, 0x0000000085c00000, 0x0000000085d00000|  0%| F|  |TAMS 0x0000000085c00000, 0x0000000085c00000| Untracked 
|  67|0x0000000085d00000, 0x0000000085d00000, 0x0000000085e00000|  0%| F|  |TAMS 0x0000000085d00000, 0x0000000085d00000| Untracked 
|  68|0x0000000085e00000, 0x0000000085e00000, 0x0000000085f00000|  0%| F|  |TAMS 0x0000000085e00000, 0x0000000085e00000| Untracked 
|  69|0x0000000085f00000, 0x0000000085f00000, 0x0000000086000000|  0%| F|  |TAMS 0x0000000085f00000, 0x0000000085f00000| Untracked 
|  70|0x0000000086000000, 0x0000000086000000, 0x0000000086100000|  0%| F|  |TAMS 0x0000000086000000, 0x0000000086000000| Untracked 
|  71|0x0000000086100000, 0x0000000086100000, 0x0000000086200000|  0%| F|  |TAMS 0x0000000086100000, 0x0000000086100000| Untracked 
|  72|0x0000000086200000, 0x0000000086200000, 0x0000000086300000|  0%| F|  |TAMS 0x0000000086200000, 0x0000000086200000| Untracked 
|  73|0x0000000086300000, 0x0000000086300000, 0x0000000086400000|  0%| F|  |TAMS 0x0000000086300000, 0x0000000086300000| Untracked 
|  74|0x0000000086400000, 0x0000000086400000, 0x0000000086500000|  0%| F|  |TAMS 0x0000000086400000, 0x0000000086400000| Untracked 
|  75|0x0000000086500000, 0x0000000086500000, 0x0000000086600000|  0%| F|  |TAMS 0x0000000086500000, 0x0000000086500000| Untracked 
|  76|0x0000000086600000, 0x0000000086600000, 0x0000000086700000|  0%| F|  |TAMS 0x0000000086600000, 0x0000000086600000| Untracked 
|  77|0x0000000086700000, 0x0000000086700000, 0x0000000086800000|  0%| F|  |TAMS 0x0000000086700000, 0x0000000086700000| Untracked 
|  78|0x0000000086800000, 0x0000000086800000, 0x0000000086900000|  0%| F|  |TAMS 0x0000000086800000, 0x0000000086800000| Untracked 
|  79|0x0000000086900000, 0x0000000086900000, 0x0000000086a00000|  0%| F|  |TAMS 0x0000000086900000, 0x0000000086900000| Untracked 
|  80|0x0000000086a00000, 0x0000000086a00000, 0x0000000086b00000|  0%| F|  |TAMS 0x0000000086a00000, 0x0000000086a00000| Untracked 
|  81|0x0000000086b00000, 0x0000000086b00000, 0x0000000086c00000|  0%| F|  |TAMS 0x0000000086b00000, 0x0000000086b00000| Untracked 
|  82|0x0000000086c00000, 0x0000000086c00000, 0x0000000086d00000|  0%| F|  |TAMS 0x0000000086c00000, 0x0000000086c00000| Untracked 
|  83|0x0000000086d00000, 0x0000000086d00000, 0x0000000086e00000|  0%| F|  |TAMS 0x0000000086d00000, 0x0000000086d00000| Untracked 
|  84|0x0000000086e00000, 0x0000000086e00000, 0x0000000086f00000|  0%| F|  |TAMS 0x0000000086e00000, 0x0000000086e00000| Untracked 
|  85|0x0000000086f00000, 0x0000000086f00000, 0x0000000087000000|  0%| F|  |TAMS 0x0000000086f00000, 0x0000000086f00000| Untracked 
|  86|0x0000000087000000, 0x0000000087000000, 0x0000000087100000|  0%| F|  |TAMS 0x0000000087000000, 0x0000000087000000| Untracked 
|  87|0x0000000087100000, 0x0000000087100000, 0x0000000087200000|  0%| F|  |TAMS 0x0000000087100000, 0x0000000087100000| Untracked 
|  88|0x0000000087200000, 0x0000000087200000, 0x0000000087300000|  0%| F|  |TAMS 0x0000000087200000, 0x0000000087200000| Untracked 
|  89|0x0000000087300000, 0x0000000087300000, 0x0000000087400000|  0%| F|  |TAMS 0x0000000087300000, 0x0000000087300000| Untracked 
|  90|0x0000000087400000, 0x0000000087400000, 0x0000000087500000|  0%| F|  |TAMS 0x0000000087400000, 0x0000000087400000| Untracked 
|  91|0x0000000087500000, 0x0000000087500000, 0x0000000087600000|  0%| F|  |TAMS 0x0000000087500000, 0x0000000087500000| Untracked 
|  92|0x0000000087600000, 0x0000000087600000, 0x0000000087700000|  0%| F|  |TAMS 0x0000000087600000, 0x0000000087600000| Untracked 
|  93|0x0000000087700000, 0x0000000087700000, 0x0000000087800000|  0%| F|  |TAMS 0x0000000087700000, 0x0000000087700000| Untracked 
|  94|0x0000000087800000, 0x0000000087800000, 0x0000000087900000|  0%| F|  |TAMS 0x0000000087800000, 0x0000000087800000| Untracked 
|  95|0x0000000087900000, 0x0000000087900000, 0x0000000087a00000|  0%| F|  |TAMS 0x0000000087900000, 0x0000000087900000| Untracked 
|  96|0x0000000087a00000, 0x0000000087a80800, 0x0000000087b00000| 50%| E|  |TAMS 0x0000000087a00000, 0x0000000087a00000| Complete 
|  97|0x0000000087b00000, 0x0000000087c00000, 0x0000000087c00000|100%| E|CS|TAMS 0x0000000087b00000, 0x0000000087b00000| Complete 
|  98|0x0000000087c00000, 0x0000000087d00000, 0x0000000087d00000|100%| E|CS|TAMS 0x0000000087c00000, 0x0000000087c00000| Complete 
|  99|0x0000000087d00000, 0x0000000087e00000, 0x0000000087e00000|100%| E|CS|TAMS 0x0000000087d00000, 0x0000000087d00000| Complete 
| 100|0x0000000087e00000, 0x0000000087f00000, 0x0000000087f00000|100%| E|CS|TAMS 0x0000000087e00000, 0x0000000087e00000| Complete 
| 101|0x0000000087f00000, 0x0000000088000000, 0x0000000088000000|100%| S|CS|TAMS 0x0000000087f00000, 0x0000000087f00000| Complete 
| 102|0x0000000088000000, 0x0000000088100000, 0x0000000088100000|100%| S|CS|TAMS 0x0000000088000000, 0x0000000088000000| Complete 
| 103|0x0000000088100000, 0x0000000088200000, 0x0000000088200000|100%| S|CS|TAMS 0x0000000088100000, 0x0000000088100000| Complete 
| 104|0x0000000088200000, 0x0000000088300000, 0x0000000088300000|100%| E|CS|TAMS 0x0000000088200000, 0x0000000088200000| Complete 
| 105|0x0000000088300000, 0x0000000088400000, 0x0000000088400000|100%| E|CS|TAMS 0x0000000088300000, 0x0000000088300000| Complete 
| 106|0x0000000088400000, 0x0000000088500000, 0x0000000088500000|100%| E|CS|TAMS 0x0000000088400000, 0x0000000088400000| Complete 
| 107|0x0000000088500000, 0x0000000088600000, 0x0000000088600000|100%| E|CS|TAMS 0x0000000088500000, 0x0000000088500000| Complete 
| 108|0x0000000088600000, 0x0000000088700000, 0x0000000088700000|100%| E|CS|TAMS 0x0000000088600000, 0x0000000088600000| Complete 
| 109|0x0000000088700000, 0x0000000088800000, 0x0000000088800000|100%| E|CS|TAMS 0x0000000088700000, 0x0000000088700000| Complete 
| 110|0x0000000088800000, 0x0000000088900000, 0x0000000088900000|100%| E|CS|TAMS 0x0000000088800000, 0x0000000088800000| Complete 
| 111|0x0000000088900000, 0x0000000088a00000, 0x0000000088a00000|100%| E|CS|TAMS 0x0000000088900000, 0x0000000088900000| Complete 
| 112|0x0000000088a00000, 0x0000000088b00000, 0x0000000088b00000|100%| E|CS|TAMS 0x0000000088a00000, 0x0000000088a00000| Complete 
| 113|0x0000000088b00000, 0x0000000088c00000, 0x0000000088c00000|100%| E|CS|TAMS 0x0000000088b00000, 0x0000000088b00000| Complete 
| 114|0x0000000088c00000, 0x0000000088d00000, 0x0000000088d00000|100%| E|CS|TAMS 0x0000000088c00000, 0x0000000088c00000| Complete 
| 115|0x0000000088d00000, 0x0000000088e00000, 0x0000000088e00000|100%| E|CS|TAMS 0x0000000088d00000, 0x0000000088d00000| Complete 
| 116|0x0000000088e00000, 0x0000000088f00000, 0x0000000088f00000|100%| E|CS|TAMS 0x0000000088e00000, 0x0000000088e00000| Complete 
| 117|0x0000000088f00000, 0x0000000089000000, 0x0000000089000000|100%| E|CS|TAMS 0x0000000088f00000, 0x0000000088f00000| Complete 
| 118|0x0000000089000000, 0x0000000089100000, 0x0000000089100000|100%| E|CS|TAMS 0x0000000089000000, 0x0000000089000000| Complete 
| 119|0x0000000089100000, 0x0000000089200000, 0x0000000089200000|100%| E|CS|TAMS 0x0000000089100000, 0x0000000089100000| Complete 
| 120|0x0000000089200000, 0x0000000089300000, 0x0000000089300000|100%| E|CS|TAMS 0x0000000089200000, 0x0000000089200000| Complete 
| 121|0x0000000089300000, 0x0000000089400000, 0x0000000089400000|100%| E|CS|TAMS 0x0000000089300000, 0x0000000089300000| Complete 
| 122|0x0000000089400000, 0x0000000089500000, 0x0000000089500000|100%| E|CS|TAMS 0x0000000089400000, 0x0000000089400000| Complete 
| 123|0x0000000089500000, 0x0000000089600000, 0x0000000089600000|100%| E|CS|TAMS 0x0000000089500000, 0x0000000089500000| Complete 
| 124|0x0000000089600000, 0x0000000089700000, 0x0000000089700000|100%| E|CS|TAMS 0x0000000089600000, 0x0000000089600000| Complete 
| 125|0x0000000089700000, 0x0000000089800000, 0x0000000089800000|100%| E|CS|TAMS 0x0000000089700000, 0x0000000089700000| Complete 
| 126|0x0000000089800000, 0x0000000089900000, 0x0000000089900000|100%| E|CS|TAMS 0x0000000089800000, 0x0000000089800000| Complete 
| 127|0x0000000089900000, 0x0000000089a00000, 0x0000000089a00000|100%| E|CS|TAMS 0x0000000089900000, 0x0000000089900000| Complete 

Card table byte_map: [0x000002567a9a0000,0x000002567ada0000] _byte_map_base: 0x000002567a593000

Marking Bits (Prev, Next): (CMBitMap*) 0x000002567a1e36e8, (CMBitMap*) 0x000002567a1e3720
 Prev Bits: [0x000002567b1a0000, 0x000002567d138000)
 Next Bits: [0x000002567d140000, 0x000002567f0d8000)

Polling page: 0x0000025678130000

Metaspace:

Usage:
  Non-class:     14.31 MB capacity,    14.05 MB ( 98%) used,   226.12 KB (  2%) free+waste,    40.31 KB ( <1%) overhead. 
      Class:      1.75 MB capacity,     1.60 MB ( 91%) used,   136.98 KB (  8%) free+waste,    19.56 KB (  1%) overhead. 
       Both:     16.06 MB capacity,    15.65 MB ( 97%) used,   363.09 KB (  2%) free+waste,    59.88 KB ( <1%) overhead. 

Virtual space:
  Non-class space:       16.00 MB reserved,      14.50 MB ( 91%) committed 
      Class space:        1.00 GB reserved,       1.75 MB ( <1%) committed 
             Both:        1.02 GB reserved,      16.25 MB (  2%) committed 

Chunk freelists:
   Non-Class:  1.00 KB
       Class:  1.00 KB
        Both:  2.00 KB

MaxMetaspaceSize: 17179869184.00 GB
CompressedClassSpaceSize: 1.00 GB
Initial GC threshold: 20.80 MB
Current GC threshold: 20.80 MB
CDS: off

CodeHeap 'non-profiled nmethods': size=120000Kb used=518Kb max_used=518Kb free=119481Kb
 bounds [0x0000025611590000, 0x0000025611800000, 0x0000025618ac0000]
CodeHeap 'profiled nmethods': size=120000Kb used=2886Kb max_used=2886Kb free=117113Kb
 bounds [0x000002560a060000, 0x000002560a340000, 0x0000025611590000]
CodeHeap 'non-nmethods': size=5760Kb used=1226Kb max_used=1238Kb free=4533Kb
 bounds [0x0000025609ac0000, 0x0000025609d30000, 0x000002560a060000]
 total_blobs=1842 nmethods=1437 adapters=326
 compilation: enabled
              stopped_count=0, restarted_count=0
 full_count=0

Compilation events (20 events):
Event: 2.802 Thread 0x000002561b327000 1438       3       jdk.internal.org.objectweb.asm.ClassWriter::visit (121 bytes)
Event: 2.803 Thread 0x000002561b327000 nmethod 1438 0x000002560a32b410 code [0x000002560a32b640, 0x000002560a32bd98]
Event: 2.803 Thread 0x000002561b327000 1437       3       jdk.internal.org.objectweb.asm.ClassVisitor::<init> (7 bytes)
Event: 2.803 Thread 0x000002561b327000 nmethod 1437 0x000002560a32c190 code [0x000002560a32c360, 0x000002560a32c6a8]
Event: 2.803 Thread 0x000002561b327000 1439       3       java.lang.invoke.DirectMethodHandle::shouldBeInitialized (123 bytes)
Event: 2.805 Thread 0x000002561b327000 nmethod 1439 0x000002560a32c810 code [0x000002560a32cc00, 0x000002560a32e2d8]
Event: 2.805 Thread 0x000002561b327000 1441       3       jdk.internal.misc.Unsafe::defineAnonymousClass (46 bytes)
Event: 2.806 Thread 0x000002561b327000 nmethod 1441 0x000002560a32ea90 code [0x000002560a32eca0, 0x000002560a32f0d8]
Event: 2.806 Thread 0x000002561b327000 1440   !   3       java.lang.invoke.MethodHandleNatives::linkMethodHandleConstant (50 bytes)
Event: 2.806 Thread 0x000002561b327000 nmethod 1440 0x000002560a32f290 code [0x000002560a32f480, 0x000002560a32f688]
Event: 2.829 Thread 0x000002561b327000 1444       3       java.lang.invoke.LambdaForm::returnType (26 bytes)
Event: 2.829 Thread 0x000002561b327000 nmethod 1444 0x000002560a32f890 code [0x000002560a32fa40, 0x000002560a32fbd8]
Event: 2.830 Thread 0x000002561b327000 1447       3       java.lang.invoke.LambdaFormEditor$Transform::bval (26 bytes)
Event: 2.831 Thread 0x000002561b327000 nmethod 1447 0x000002560a32fc90 code [0x000002560a32fe40, 0x000002560a32ff38]
Event: 2.831 Thread 0x000002561b327000 1448       3       java.util.ImmutableCollections$List12::size (13 bytes)
Event: 2.831 Thread 0x000002561b327000 nmethod 1448 0x000002560a330010 code [0x000002560a3301c0, 0x000002560a330338]
Event: 2.832 Thread 0x000002561b327000 1449       3       java.lang.invoke.MethodHandleNatives::refKindIsGetter (32 bytes)
Event: 2.832 Thread 0x000002561b327000 nmethod 1449 0x000002560a330410 code [0x000002560a3305c0, 0x000002560a330718]
Event: 2.833 Thread 0x000002561b327000 1450       3       java.lang.invoke.InvokerBytecodeGenerator::storeInsnOpcode (86 bytes)
Event: 2.834 Thread 0x000002561b327000 nmethod 1450 0x000002560a330790 code [0x000002560a330a20, 0x000002560a331598]

GC Heap History (2 events):
Event: 1.946 GC heap before
{Heap before GC invocations=0 (full 0):
 garbage-first heap   total 131072K, used 24576K [0x0000000081a00000, 0x0000000100000000)
  region size 1024K, 24 young (24576K), 0 survivors (0K)
 Metaspace       used 10187K, capacity 10303K, committed 10496K, reserved 1058816K
  class space    used 916K, capacity 944K, committed 1024K, reserved 1048576K
}
Event: 1.952 GC heap after
{Heap after GC invocations=1 (full 0):
 garbage-first heap   total 131072K, used 8384K [0x0000000081a00000, 0x0000000100000000)
  region size 1024K, 3 young (3072K), 3 survivors (3072K)
 Metaspace       used 10187K, capacity 10303K, committed 10496K, reserved 1058816K
  class space    used 916K, capacity 944K, committed 1024K, reserved 1048576K
}

Deoptimization events (20 events):
Event: 2.766 Thread 0x000002567a1a3000 Uncommon trap: trap_request=0xffffffc6 fr.pc=0x00000256115e3028 relative=0x0000000000000888
Event: 2.766 Thread 0x000002567a1a3000 Uncommon trap: reason=bimorphic_or_optimized_type_check action=maybe_recompile pc=0x00000256115e3028 method=java.util.HashMap.putVal(ILjava/lang/Object;Ljava/lang/Object;ZZ)Ljava/lang/Object; @ 91 c2
Event: 2.766 Thread 0x000002567a1a3000 DEOPT PACKING pc=0x00000256115e3028 sp=0x000000d88d6fde40
Event: 2.766 Thread 0x000002567a1a3000 DEOPT UNPACKING pc=0x0000025609b0a1af sp=0x000000d88d6fddd0 mode 2
Event: 2.780 Thread 0x000002567a1a3000 DEOPT PACKING pc=0x000002560a1a6b94 sp=0x000000d88d6fdad0
Event: 2.780 Thread 0x000002567a1a3000 DEOPT UNPACKING pc=0x0000025609b0a95e sp=0x000000d88d6fcf68 mode 1
Event: 2.780 Thread 0x000002567a1a3000 DEOPT PACKING pc=0x000002560a1a2754 sp=0x000000d88d6fdba0
Event: 2.780 Thread 0x000002567a1a3000 DEOPT UNPACKING pc=0x0000025609b0a95e sp=0x000000d88d6fd058 mode 1
Event: 2.780 Thread 0x000002567a1a3000 DEOPT PACKING pc=0x000002560a2386bc sp=0x000000d88d6fe640
Event: 2.780 Thread 0x000002567a1a3000 DEOPT UNPACKING pc=0x0000025609b0a95e sp=0x000000d88d6fdb30 mode 1
Event: 2.780 Thread 0x000002567a1a3000 DEOPT PACKING pc=0x000002560a1a6b94 sp=0x000000d88d6fdad0
Event: 2.780 Thread 0x000002567a1a3000 DEOPT UNPACKING pc=0x0000025609b0a95e sp=0x000000d88d6fcf68 mode 1
Event: 2.780 Thread 0x000002567a1a3000 DEOPT PACKING pc=0x000002560a1a2754 sp=0x000000d88d6fdba0
Event: 2.780 Thread 0x000002567a1a3000 DEOPT UNPACKING pc=0x0000025609b0a95e sp=0x000000d88d6fd058 mode 1
Event: 2.780 Thread 0x000002567a1a3000 DEOPT PACKING pc=0x000002560a2386bc sp=0x000000d88d6fe640
Event: 2.780 Thread 0x000002567a1a3000 DEOPT UNPACKING pc=0x0000025609b0a95e sp=0x000000d88d6fdb30 mode 1
Event: 2.818 Thread 0x000002567a1a3000 Uncommon trap: trap_request=0xffffff4d fr.pc=0x0000025611600ca4 relative=0x00000000000013e4
Event: 2.818 Thread 0x000002567a1a3000 Uncommon trap: reason=unstable_if action=reinterpret pc=0x0000025611600ca4 method=java.util.concurrent.ConcurrentHashMap.putVal(Ljava/lang/Object;Ljava/lang/Object;Z)Ljava/lang/Object; @ 148 c2
Event: 2.818 Thread 0x000002567a1a3000 DEOPT PACKING pc=0x0000025611600ca4 sp=0x000000d88d6fe120
Event: 2.818 Thread 0x000002567a1a3000 DEOPT UNPACKING pc=0x0000025609b0a1af sp=0x000000d88d6fe0c0 mode 2

Classes redefined (0 events):
No events

Internal exceptions (20 events):
Event: 2.157 Thread 0x000002567a1a3000 Exception <a 'java/lang/NoSuchMethodError'{0x00000000892ef098}: 'java.lang.Object java.lang.invoke.DirectMethodHandle$Holder.invokeSpecial(java.lang.Object, java.lang.Object, int, int, java.lang.Object, java.lang.Object, java.lang.Object, java.lang.Object)'> (0x00000000892ef098) thrown at [./src/hotspot/share/interpreter/linkResolver.cpp, line 773]
Event: 2.157 Thread 0x000002567a1a3000 Exception <a 'java/lang/NoSuchMethodError'{0x00000000892f27d0}: 'java.lang.Object java.lang.invoke.DelegatingMethodHandle$Holder.reinvoke_L(java.lang.Object, int, int, java.lang.Object, java.lang.Object, java.lang.Object, java.lang.Object)'> (0x00000000892f27d0) thrown at [./src/hotspot/share/interpreter/linkResolver.cpp, line 773]
Event: 2.159 Thread 0x000002567a1a3000 Exception <a 'java/lang/NoSuchMethodError'{0x0000000089101638}: 'java.lang.Object java.lang.invoke.DirectMethodHandle$Holder.invokeStatic(java.lang.Object, java.lang.Object, java.lang.Object, java.lang.Object, java.lang.Object, java.lang.Object, int)'> (0x0000000089101638) thrown at [./src/hotspot/share/interpreter/linkResolver.cpp, line 773]
Event: 2.176 Thread 0x000002567a1a3000 Exception <a 'java/io/FileNotFoundException'{0x000000008918ddf0}> (0x000000008918ddf0) thrown at [./src/hotspot/share/prims/jni.cpp, line 617]
Event: 2.303 Thread 0x000002567a1a3000 Implicit null exception at 0x00000256115dbf78 to 0x00000256115dc00a
Event: 2.359 Thread 0x000002567a1a3000 Exception <a 'java/lang/NoSuchMethodError'{0x0000000088a827a8}: 'void java.lang.invoke.DirectMethodHandle$Holder.invokeStaticInit(java.lang.Object, java.lang.Object, java.lang.Object, java.lang.Object)'> (0x0000000088a827a8) thrown at [./src/hotspot/share/interpreter/linkResolver.cpp, line 773]
Event: 2.364 Thread 0x000002567a1a3000 Exception <a 'java/lang/IncompatibleClassChangeError'{0x0000000088aa7178}: Found class java.lang.Object, but interface was expected> (0x0000000088aa7178) thrown at [./src/hotspot/share/interpreter/linkResolver.cpp, line 839]
Event: 2.407 Thread 0x000002567a1a3000 Exception <a 'java/lang/NoSuchMethodError'{0x0000000088862a58}: 'int java.lang.invoke.DirectMethodHandle$Holder.invokeSpecial(java.lang.Object, java.lang.Object, java.lang.Object, java.lang.Object)'> (0x0000000088862a58) thrown at [./src/hotspot/share/interpreter/linkResolver.cpp, line 773]
Event: 2.417 Thread 0x000002567a1a3000 Exception <a 'java/lang/NoSuchMethodError'{0x00000000888900a8}: 'void java.lang.invoke.DirectMethodHandle$Holder.invokeSpecial(java.lang.Object, java.lang.Object, java.lang.Object, java.lang.Object)'> (0x00000000888900a8) thrown at [./src/hotspot/share/interpreter/linkResolver.cpp, line 773]
Event: 2.469 Thread 0x000002567a1a3000 Exception <a 'java/lang/NoSuchMethodError'{0x000000008854d150}: 'java.lang.Object java.lang.invoke.Invokers$Holder.linkToTargetMethod(java.lang.Object, java.lang.Object, java.lang.Object, java.lang.Object, java.lang.Object, java.lang.Object)'> (0x000000008854d150) thrown at [./src/hotspot/share/interpreter/linkResolver.cpp, line 773]
Event: 2.504 Thread 0x000002567a1a3000 Exception <a 'java/lang/NoSuchMethodError'{0x000000008847dba8}: 'java.lang.Object java.lang.invoke.DirectMethodHandle$Holder.invokeSpecial(java.lang.Object, java.lang.Object, java.lang.Object, java.lang.Object, java.lang.Object, java.lang.Object, int)'> (0x000000008847dba8) thrown at [./src/hotspot/share/interpreter/linkResolver.cpp, line 773]
Event: 2.505 Thread 0x000002567a1a3000 Exception <a 'java/lang/NoSuchMethodError'{0x0000000088487850}: 'java.lang.Object java.lang.invoke.DirectMethodHandle$Holder.invokeSpecial(java.lang.Object, java.lang.Object, java.lang.Object, java.lang.Object, java.lang.Object, java.lang.Object, java.lang.Object, int)'> (0x0000000088487850) thrown at [./src/hotspot/share/interpreter/linkResolver.cpp, line 773]
Event: 2.506 Thread 0x000002567a1a3000 Exception <a 'java/lang/NoSuchMethodError'{0x000000008848b6f8}: 'java.lang.Object java.lang.invoke.Invokers$Holder.linkToTargetMethod(java.lang.Object, java.lang.Object, java.lang.Object, java.lang.Object, java.lang.Object, int, java.lang.Object)'> (0x000000008848b6f8) thrown at [./src/hotspot/share/interpreter/linkResolver.cpp, line 773]
Event: 2.562 Thread 0x000002567a1a3000 Exception <a 'java/lang/NoSuchMethodError'{0x00000000882c7d68}: 'int java.lang.invoke.DirectMethodHandle$Holder.invokeInterface(java.lang.Object, java.lang.Object)'> (0x00000000882c7d68) thrown at [./src/hotspot/share/interpreter/linkResolver.cpp, line 773]
Event: 2.726 Thread 0x000002567a1a3000 Exception <a 'java/lang/NoSuchMethodError'{0x0000000087da9060}: 'java.lang.Object java.lang.invoke.DirectMethodHandle$Holder.invokeStatic(java.lang.Object, java.lang.Object, java.lang.Object, int, java.lang.Object)'> (0x0000000087da9060) thrown at [./src/hotspot/share/interpreter/linkResolver.cpp, line 773]
Event: 2.727 Thread 0x000002567a1a3000 Exception <a 'java/lang/NoSuchMethodError'{0x0000000087dafa68}: 'java.lang.Object java.lang.invoke.Invokers$Holder.linkToTargetMethod(java.lang.Object, java.lang.Object, int, java.lang.Object, java.lang.Object)'> (0x0000000087dafa68) thrown at [./src/hotspot/share/interpreter/linkResolver.cpp, line 773]
Event: 2.729 Thread 0x000002567a1a3000 Exception <a 'java/lang/NoSuchMethodError'{0x0000000087dc1588}: 'int java.lang.invoke.DirectMethodHandle$Holder.invokeStatic(java.lang.Object, int, java.lang.Object, java.lang.Object)'> (0x0000000087dc1588) thrown at [./src/hotspot/share/interpreter/linkResolver.cpp, line 773]
Event: 2.731 Thread 0x000002567a1a3000 Exception <a 'java/lang/NoSuchMethodError'{0x0000000087dc9d08}: 'int java.lang.invoke.DirectMethodHandle$Holder.invokeSpecialIFC(java.lang.Object, java.lang.Object, java.lang.Object, java.lang.Object)'> (0x0000000087dc9d08) thrown at [./src/hotspot/share/interpreter/linkResolver.cpp, line 773]
Event: 2.784 Thread 0x000002567a1a3000 Exception <a 'java/lang/NoSuchMethodError'{0x0000000087bb33b8}: 'void java.lang.invoke.DirectMethodHandle$Holder.invokeStaticInit(java.lang.Object, java.lang.Object)'> (0x0000000087bb33b8) thrown at [./src/hotspot/share/interpreter/linkResolver.cpp, line 773]
Event: 2.786 Thread 0x000002567a1a3000 Exception <a 'java/lang/NoSuchMethodError'{0x0000000087bc8f28}: 'void java.lang.invoke.DirectMethodHandle$Holder.invokeStaticInit(java.lang.Object, java.lang.Object, java.lang.Object)'> (0x0000000087bc8f28) thrown at [./src/hotspot/share/interpreter/linkResolver.cpp, line 773]

Events (20 events):
Event: 2.819 loading class java/net/Inet6Address$Inet6AddressHolder
Event: 2.819 loading class java/net/Inet6Address$Inet6AddressHolder done
Event: 2.823 loading class sun/net/InetAddressCachePolicy
Event: 2.823 loading class sun/net/InetAddressCachePolicy done
Event: 2.823 loading class sun/net/InetAddressCachePolicy$1
Event: 2.824 loading class sun/net/InetAddressCachePolicy$1 done
Event: 2.824 loading class sun/net/InetAddressCachePolicy$2
Event: 2.824 loading class sun/net/InetAddressCachePolicy$2 done
Event: 2.824 loading class java/net/InetAddress$CachedAddresses
Event: 2.824 loading class java/net/InetAddress$CachedAddresses done
Event: 2.825 loading class java/util/concurrent/ThreadLocalRandom
Event: 2.825 loading class java/util/concurrent/ThreadLocalRandom done
Event: 2.826 loading class java/lang/invoke/VarHandleLongs$FieldInstanceReadWrite
Event: 2.826 loading class java/lang/invoke/VarHandleLongs$FieldInstanceReadOnly
Event: 2.826 loading class java/lang/invoke/VarHandleLongs$FieldInstanceReadOnly done
Event: 2.826 loading class java/lang/invoke/VarHandleLongs$FieldInstanceReadWrite done
Event: 2.827 loading class java/util/concurrent/atomic/Striped64$1
Event: 2.827 loading class java/util/concurrent/atomic/Striped64$1 done
Event: 2.827 loading class java/net/InetAddress$CachedLocalHost
Event: 2.828 loading class java/net/InetAddress$CachedLocalHost done


Dynamic libraries:
0x00007ff6e3b90000 - 0x00007ff6e3b9d000 	C:\Program Files\OpenJDK\jdk-11.0.18.10-hotspot\bin\java.exe
0x00007ff9420d0000 - 0x00007ff9422e4000 	C:\WINDOWS\SYSTEM32\ntdll.dll
0x00007ff941570000 - 0x00007ff941634000 	C:\WINDOWS\System32\KERNEL32.DLL
0x00007ff93f480000 - 0x00007ff93f824000 	C:\WINDOWS\System32\KERNELBASE.dll
0x00007ff93f8f0000 - 0x00007ff93fa01000 	C:\WINDOWS\System32\ucrtbase.dll
0x00007ff930840000 - 0x00007ff930857000 	C:\Program Files\OpenJDK\jdk-11.0.18.10-hotspot\bin\jli.dll
0x00007ff91da00000 - 0x00007ff91da15000 	C:\Program Files\OpenJDK\jdk-11.0.18.10-hotspot\bin\VCRUNTIME140.dll
0x00007ff941d60000 - 0x00007ff941f0e000 	C:\WINDOWS\System32\USER32.dll
0x00007ff929130000 - 0x00007ff9293c3000 	C:\WINDOWS\WinSxS\amd64_microsoft.windows.common-controls_6595b64144ccf1df_6.0.22621.2215_none_270d72677387dfc3\COMCTL32.dll
0x00007ff93fc20000 - 0x00007ff93fc46000 	C:\WINDOWS\System32\win32u.dll
0x00007ff9407a0000 - 0x00007ff940847000 	C:\WINDOWS\System32\msvcrt.dll
0x00007ff940b00000 - 0x00007ff940b29000 	C:\WINDOWS\System32\GDI32.dll
0x00007ff93fcc0000 - 0x00007ff93fdd8000 	C:\WINDOWS\System32\gdi32full.dll
0x00007ff93fb80000 - 0x00007ff93fc1a000 	C:\WINDOWS\System32\msvcp_win.dll
0x00007ff941f10000 - 0x00007ff941f41000 	C:\WINDOWS\System32\IMM32.DLL
0x00007ff90de50000 - 0x00007ff90deeb000 	C:\Program Files\OpenJDK\jdk-11.0.18.10-hotspot\bin\msvcp140.dll
0x00007ff8a1330000 - 0x00007ff8a1e43000 	C:\Program Files\OpenJDK\jdk-11.0.18.10-hotspot\bin\server\jvm.dll
0x00007ff941cb0000 - 0x00007ff941d60000 	C:\WINDOWS\System32\ADVAPI32.dll
0x00007ff941f50000 - 0x00007ff941ff6000 	C:\WINDOWS\System32\sechost.dll
0x00007ff940b30000 - 0x00007ff940c47000 	C:\WINDOWS\System32\RPCRT4.dll
0x00007ff93fe60000 - 0x00007ff93fe68000 	C:\WINDOWS\System32\PSAPI.DLL
0x00007ff92a010000 - 0x00007ff92a019000 	C:\WINDOWS\SYSTEM32\WSOCK32.dll
0x00007ff9348d0000 - 0x00007ff934904000 	C:\WINDOWS\SYSTEM32\WINMM.dll
0x00007ff935ff0000 - 0x00007ff935ffa000 	C:\WINDOWS\SYSTEM32\VERSION.dll
0x00007ff941c30000 - 0x00007ff941ca1000 	C:\WINDOWS\System32\WS2_32.dll
0x00007ff93e480000 - 0x00007ff93e498000 	C:\WINDOWS\SYSTEM32\kernel.appcore.dll
0x00007ff932eb0000 - 0x00007ff932ec0000 	C:\Program Files\OpenJDK\jdk-11.0.18.10-hotspot\bin\verify.dll
0x00007ff93ce60000 - 0x00007ff93d08e000 	C:\WINDOWS\SYSTEM32\DBGHELP.DLL
0x00007ff940e40000 - 0x00007ff9411ca000 	C:\WINDOWS\System32\combase.dll
0x00007ff941490000 - 0x00007ff941567000 	C:\WINDOWS\System32\OLEAUT32.dll
0x00007ff934120000 - 0x00007ff934152000 	C:\WINDOWS\SYSTEM32\dbgcore.DLL
0x00007ff93fde0000 - 0x00007ff93fe5a000 	C:\WINDOWS\System32\bcryptPrimitives.dll
0x00007ff919280000 - 0x00007ff9192a8000 	C:\Program Files\OpenJDK\jdk-11.0.18.10-hotspot\bin\java.dll
0x00007ff932e60000 - 0x00007ff932e6a000 	C:\Program Files\OpenJDK\jdk-11.0.18.10-hotspot\bin\jimage.dll
0x00007ff8f9e60000 - 0x00007ff8f9e98000 	C:\Program Files\OpenJDK\jdk-11.0.18.10-hotspot\bin\jdwp.dll
0x00007ff91d9e0000 - 0x00007ff91d9f8000 	C:\Program Files\OpenJDK\jdk-11.0.18.10-hotspot\bin\zip.dll
0x00007ff93fe70000 - 0x00007ff940693000 	C:\WINDOWS\System32\SHELL32.dll
0x00007ff93d410000 - 0x00007ff93dcfa000 	C:\WINDOWS\SYSTEM32\windows.storage.dll
0x00007ff93d2d0000 - 0x00007ff93d40e000 	C:\WINDOWS\SYSTEM32\wintypes.dll
0x00007ff9406a0000 - 0x00007ff940793000 	C:\WINDOWS\System32\SHCORE.dll
0x00007ff940aa0000 - 0x00007ff940afe000 	C:\WINDOWS\System32\shlwapi.dll
0x00007ff93f3b0000 - 0x00007ff93f3d6000 	C:\WINDOWS\SYSTEM32\profapi.dll
0x00007ff92b2e0000 - 0x00007ff92b2ea000 	C:\Program Files\OpenJDK\jdk-11.0.18.10-hotspot\bin\dt_socket.dll
0x00007ff93e950000 - 0x00007ff93e9b9000 	C:\WINDOWS\system32\mswsock.dll
0x00007ff91d540000 - 0x00007ff91d559000 	C:\Program Files\OpenJDK\jdk-11.0.18.10-hotspot\bin\net.dll
0x00007ff935680000 - 0x00007ff9357b7000 	C:\WINDOWS\SYSTEM32\WINHTTP.dll
0x00007ff91cae0000 - 0x00007ff91caf3000 	C:\Program Files\OpenJDK\jdk-11.0.18.10-hotspot\bin\nio.dll
0x00007ff92fd30000 - 0x00007ff92fd39000 	C:\Program Files\OpenJDK\jdk-11.0.18.10-hotspot\bin\management.dll
0x00007ff929c70000 - 0x00007ff929c7b000 	C:\Program Files\OpenJDK\jdk-11.0.18.10-hotspot\bin\management_ext.dll
0x00007ff9197c0000 - 0x00007ff9197d7000 	C:\WINDOWS\system32\napinsp.dll
0x00007ff915660000 - 0x00007ff91567b000 	C:\WINDOWS\system32\pnrpnsp.dll
0x00007ff93dfd0000 - 0x00007ff93e0c2000 	C:\WINDOWS\SYSTEM32\DNSAPI.dll
0x00007ff93dfa0000 - 0x00007ff93dfcd000 	C:\WINDOWS\SYSTEM32\IPHLPAPI.DLL
0x00007ff941420000 - 0x00007ff941429000 	C:\WINDOWS\System32\NSI.dll
0x00007ff9091d0000 - 0x00007ff9091e1000 	C:\WINDOWS\System32\winrnr.dll
0x00007ff932970000 - 0x00007ff93297a000 	C:\Windows\System32\rasadhlp.dll
0x00007ff933b00000 - 0x00007ff933b84000 	C:\WINDOWS\System32\fwpuclnt.dll

dbghelp: loaded successfully - version: 4.0.5 - missing functions: none
symbol engine: initialized successfully - sym options: 0x614 - pdb path: .;C:\Program Files\OpenJDK\jdk-11.0.18.10-hotspot\bin;C:\WINDOWS\SYSTEM32;C:\WINDOWS\WinSxS\amd64_microsoft.windows.common-controls_6595b64144ccf1df_6.0.22621.2215_none_270d72677387dfc3;C:\Program Files\OpenJDK\jdk-11.0.18.10-hotspot\bin\server

VM Arguments:
jvm_args: -agentlib:jdwp=transport=dt_socket,server=n,suspend=y,address=127.0.0.1:52218 -Dfile.encoding=windows-1252 -Duser.country=GB -Duser.language=en -Duser.variant 
java_command: com.ii.testautomation.InvictaTestAutomationProjectApplication
java_class_path (initial): D:\Final Projects\TestAutomation Latest\Invicta-Test-Automation-Project\build\classes\java\main;D:\Final Projects\TestAutomation Latest\Invicta-Test-Automation-Project\build\resources\main;C:\Users\invicta\.gradle\caches\modules-2\files-2.1\org.springframework.boot\spring-boot-starter-data-jpa\2.7.12\17fdcc9bc155a6e6459190078c3a37c7fce0ced8\spring-boot-starter-data-jpa-2.7.12.jar;C:\Users\invicta\.gradle\caches\modules-2\files-2.1\org.springframework.boot\spring-boot-starter-websocket\2.7.12\5aad125cdd0ddd4a2a5392cbd2b63d31d2b01d81\spring-boot-starter-websocket-2.7.12.jar;C:\Users\invicta\.gradle\caches\modules-2\files-2.1\org.springframework.boot\spring-boot-starter-web\2.7.12\aba3f96331e2cfa316d8ec7446804721120a0552\spring-boot-starter-web-2.7.12.jar;C:\Users\invicta\.gradle\caches\modules-2\files-2.1\com.querydsl\querydsl-apt\5.0.0\fa5554c395bdcbe9846242824857a82874ad3223\querydsl-apt-5.0.0.jar;C:\Users\invicta\.gradle\caches\modules-2\files-2.1\com.querydsl\querydsl-jpa\5.0.0\2d66608cb2cbcde56290e49f2918960cc17fcb09\querydsl-jpa-5.0.0.jar;C:\Users\invicta\.gradle\caches\modules-2\files-2.1\com.opencsv\opencsv\5.7.1\d707c095bc8c7c22fb3e377de774458a76229da4\opencsv-5.7.1.jar;C:\Users\invicta\.gradle\caches\modules-2\files-2.1\org.apache.commons\commons-csv\1.8\37ca9a9aa2d4be2599e55506a6d3170dd7a3df4\commons-csv-1.8.jar;C:\Users\invicta\.gradle\caches\modules-2\files-2.1\org.apache.commons\commons-text\1.10.0\3363381aef8cef2dbc1023b3e3a9433b08b64e01\commons-text-1.10.0.jar;C:\Users\invicta\.gradle\caches\modules-2\files-2.1\org.apache.commons\commons-lang3\3.12.0\c6842c86792ff03b9f1d1fe2aab8dc23aa6c6f0e\commons-lang3-3.12.0.jar;C:\Users\invicta\.gradle\caches\modules-2\files-2.1\org.apache.poi\poi-ooxml\5.2.2\a201b5bdc92c0fae4bed4b8e5546388c4c2f9eb0\poi-ooxml-5.2.2.jar;C:\Users\invicta\.gradle\caches\modules-2\files-2.1\javax.mail\javax.mail-api\1.6.2\17a8151bab44f9c94f34c10db70d95ba3c830eda\javax.mail-api-1.6.2.jar;C:\Users\invicta\.gr
Launcher Type: SUN_STANDARD

[Global flags]
     intx CICompilerCount                          = 4                                         {product} {ergonomic}
     uint ConcGCThreads                            = 2                                         {product} {ergonomic}
     uint G1ConcRefinementThreads                  = 8                                         {product} {ergonomic}
   size_t G1HeapRegionSize                         = 1048576                                   {product} {ergonomic}
    uintx GCDrainStackTargetSize                   = 64                                        {product} {ergonomic}
   size_t InitialHeapSize                          = 134217728                                 {product} {ergonomic}
   size_t MarkStackSize                            = 4194304                                   {product} {ergonomic}
   size_t MaxHeapSize                              = 2120220672                                {product} {ergonomic}
   size_t MaxNewSize                               = 1271922688                                {product} {ergonomic}
   size_t MinHeapDeltaBytes                        = 1048576                                   {product} {ergonomic}
    uintx NonNMethodCodeHeapSize                   = 5836300                                {pd product} {ergonomic}
    uintx NonProfiledCodeHeapSize                  = 122910970                              {pd product} {ergonomic}
    uintx ProfiledCodeHeapSize                     = 122910970                              {pd product} {ergonomic}
    uintx ReservedCodeCacheSize                    = 251658240                              {pd product} {ergonomic}
     bool SegmentedCodeCache                       = true                                      {product} {ergonomic}
     bool UseCompressedClassPointers               = true                                 {lp64_product} {ergonomic}
     bool UseCompressedOops                        = true                                 {lp64_product} {ergonomic}
     bool UseG1GC                                  = true                                      {product} {ergonomic}
     bool UseLargePagesIndividualAllocation        = false                                  {pd product} {ergonomic}

Logging:
Log output configuration:
 #0: stdout all=warning uptime,level,tags
 #1: stderr all=off uptime,level,tags

Environment Variables:
JAVA_HOME=C:\Program Files\OpenJDK\jdk-11.0.18.10-hotspot\
PATH=C:\Program Files\OpenJDK\jdk-11.0.18.10-hotspot\bin;C:\WINDOWS\system32;C:\WINDOWS;C:\WINDOWS\System32\Wbem;C:\WINDOWS\System32\WindowsPowerShell\v1.0\;C:\WINDOWS\System32\OpenSSH\;C:\Program Files\Git\cmd;C:\Program Files\Java\jdk-11\bin\java.exe;C:\Program Files\nodejs\;C:\Users\invicta\AppData\Local\Microsoft\WindowsApps;C:\Program Files\JetBrains\IntelliJ IDEA Community Edition 2023.1.1\bin;;C:\Users\invicta\AppData\Local\GitHubDesktop\bin;C:\Program Files\Java\jdk-11\bin\java.exe;;C:\Users\invicta\AppData\Local\Programs\Microsoft VS Code\bin;C:\Users\invicta\AppData\Roaming\npm
USERNAME=invicta
OS=Windows_NT
PROCESSOR_IDENTIFIER=Intel64 Family 6 Model 142 Stepping 10, GenuineIntel
TMP=C:\Users\invicta\AppData\Local\Temp
TEMP=C:\Users\invicta\AppData\Local\Temp



---------------  S Y S T E M  ---------------

OS: Windows 11 , 64 bit Build 22621 (10.0.22621.2215)
OS uptime: 1 days 1:48 hours

CPU:total 8 (initial active 8) (4 cores per cpu, 2 threads per core) family 6 model 142 stepping 10 microcode 0xf0, cmov, cx8, fxsr, mmx, sse, sse2, sse3, ssse3, sse4.1, sse4.2, popcnt, avx, avx2, aes, clmul, erms, 3dnowpref, lzcnt, ht, tsc, tscinvbit, bmi1, bmi2, adx, fma

Memory: 4k page, system-wide physical 8083M (315M free)
TotalPageFile size 32659M (AvailPageFile size 2M)
current process WorkingSet (physical memory assigned to process): 101M, peak: 103M
current process commit charge ("private bytes"): 234M, peak: 236M

vm_info: OpenJDK 64-Bit Server VM (11.0.18+10-adhoc..jdk11u) for windows-amd64 JRE (11.0.18+10-adhoc..jdk11u), built on Jan 18 2023 07:40:41 by "" with MS VC++ 15.9 (VS2017)

END.
