#
# There is insufficient memory for the Java Runtime Environment to continue.
# Native memory allocation (mmap) failed to map 65536 bytes for Failed to commit area from 0x000001daea240000 to 0x000001daea250000 of length 65536.
# Possible reasons:
#   The system is out of physical RAM or swap space
#   The process is running with CompressedOops enabled, and the Java Heap may be blocking the growth of the native heap
# Possible solutions:
#   Reduce memory load on the system
#   Increase physical memory or swap space
#   Check if swap backing store is full
#   Decrease Java heap size (-Xmx/-Xms)
#   Decrease number of Java threads
#   Decrease Java thread stack sizes (-Xss)
#   Set larger code cache with -XX:ReservedCodeCacheSize=
# This output file may be truncated or incomplete.
#
#  Out of Memory Error (./src/hotspot/os/windows/os_windows.cpp:3386), pid=6236, tid=13576
#
# JRE version:  (11.0.18+10) (build )
# Java VM: OpenJDK 64-Bit Server VM (11.0.18+10-adhoc..jdk11u, mixed mode, sharing, tiered, compressed oops, g1 gc, windows-amd64)
# No core dump will be written. Minidumps are not enabled by default on client versions of Windows
#

---------------  S U M M A R Y ------------

Command Line: -agentlib:jdwp=transport=dt_socket,server=n,suspend=y,address=127.0.0.1:56757 -Dfile.encoding=windows-1252 -Duser.country=GB -Duser.language=en -Duser.variant com.ii.testautomation.InvictaTestAutomationProjectApplication

Host: Intel(R) Core(TM) i5-8250U CPU @ 1.60GHz, 8 cores, 7G,  Windows 11 , 64 bit Build 22621 (10.0.22621.2215)
Time: Wed Sep 20 14:09:03 2023 Sri Lanka Standard Time elapsed time: 0.088288 seconds (0d 0h 0m 0s)

---------------  T H R E A D  ---------------

Current thread (0x000001dace6a2800):  JavaThread "Unknown thread" [_thread_in_vm, id=13576, stack(0x000000b744600000,0x000000b744700000)]

Stack: [0x000000b744600000,0x000000b744700000]
Native frames: (J=compiled Java code, j=interpreted, Vv=VM code, C=native code)
V  [jvm.dll+0x61e0ba]
V  [jvm.dll+0x75b0b9]
V  [jvm.dll+0x75c7a8]
V  [jvm.dll+0x75ce83]
V  [jvm.dll+0x24de78]
V  [jvm.dll+0x61b3ca]
V  [jvm.dll+0x60f985]
V  [jvm.dll+0x307a5c]
V  [jvm.dll+0x3078e2]
V  [jvm.dll+0x30c710]
V  [jvm.dll+0x352705]
V  [jvm.dll+0x352110]
V  [jvm.dll+0x2e4af8]
V  [jvm.dll+0x2e5c56]
V  [jvm.dll+0x735097]
V  [jvm.dll+0x73681f]
V  [jvm.dll+0x35f439]
V  [jvm.dll+0x718000]
V  [jvm.dll+0x3cdc9f]
V  [jvm.dll+0x3cfe51]
C  [jli.dll+0x5207]
C  [ucrtbase.dll+0x29363]
C  [KERNEL32.DLL+0x1257d]
C  [ntdll.dll+0x5aa68]


---------------  P R O C E S S  ---------------

Threads class SMR info:
_java_thread_list=0x000001dacc4f0650, length=0, elements={
}

Java Threads: ( => current thread )

Other Threads:
  0x000001dace6ba000 GCTaskThread "GC Thread#0" [stack: 0x000000b744700000,0x000000b744800000] [id=16360]
  0x000001dace6ea800 ConcurrentGCThread "G1 Main Marker" [stack: 0x000000b744800000,0x000000b744900000] [id=8624]
  0x000001dace6ec000 ConcurrentGCThread "G1 Conc#0" [stack: 0x000000b744900000,0x000000b744a00000] [id=15120]

[error occurred during error reporting (printing all threads), id 0xc0000005, EXCEPTION_ACCESS_VIOLATION (0xc0000005) at pc=0x00007ff8a16242c7]

VM state:not at safepoint (not fully initialized)

VM Mutex/Monitor currently owned by a thread:  ([mutex/lock_event])
[0x000001dace69fb00] Heap_lock - owner thread: 0x000001dace6a2800

Heap address: 0x0000000081a00000, size: 2022 MB, Compressed Oops mode: Non-zero based: 0x0000000081a00000
Narrow klass base: 0x0000000000000000, Narrow klass shift: 0

GC Heap History (0 events):
No events

Deoptimization events (0 events):
No events

Classes redefined (0 events):
No events

Internal exceptions (0 events):
No events

Events (1 events):
Event: 0.015 Loaded shared library C:\Program Files\OpenJDK\jdk-11.0.18.10-hotspot\bin\zip.dll


Dynamic libraries:
0x00007ff6e3b90000 - 0x00007ff6e3b9d000 	C:\Program Files\OpenJDK\jdk-11.0.18.10-hotspot\bin\java.exe
0x00007ff9420d0000 - 0x00007ff9422e4000 	C:\WINDOWS\SYSTEM32\ntdll.dll
0x00007ff941570000 - 0x00007ff941634000 	C:\WINDOWS\System32\KERNEL32.DLL
0x00007ff93f480000 - 0x00007ff93f824000 	C:\WINDOWS\System32\KERNELBASE.dll
0x00007ff93f8f0000 - 0x00007ff93fa01000 	C:\WINDOWS\System32\ucrtbase.dll
0x00007ff930840000 - 0x00007ff930857000 	C:\Program Files\OpenJDK\jdk-11.0.18.10-hotspot\bin\jli.dll
0x00007ff91da00000 - 0x00007ff91da15000 	C:\Program Files\OpenJDK\jdk-11.0.18.10-hotspot\bin\VCRUNTIME140.dll
0x00007ff941d60000 - 0x00007ff941f0e000 	C:\WINDOWS\System32\USER32.dll
0x00007ff93fc20000 - 0x00007ff93fc46000 	C:\WINDOWS\System32\win32u.dll
0x00007ff929130000 - 0x00007ff9293c3000 	C:\WINDOWS\WinSxS\amd64_microsoft.windows.common-controls_6595b64144ccf1df_6.0.22621.2215_none_270d72677387dfc3\COMCTL32.dll
0x00007ff940b00000 - 0x00007ff940b29000 	C:\WINDOWS\System32\GDI32.dll
0x00007ff93fcc0000 - 0x00007ff93fdd8000 	C:\WINDOWS\System32\gdi32full.dll
0x00007ff9407a0000 - 0x00007ff940847000 	C:\WINDOWS\System32\msvcrt.dll
0x00007ff93fb80000 - 0x00007ff93fc1a000 	C:\WINDOWS\System32\msvcp_win.dll
0x00007ff941f10000 - 0x00007ff941f41000 	C:\WINDOWS\System32\IMM32.DLL
0x00007ff90de50000 - 0x00007ff90deeb000 	C:\Program Files\OpenJDK\jdk-11.0.18.10-hotspot\bin\msvcp140.dll
0x00007ff8a1330000 - 0x00007ff8a1e43000 	C:\Program Files\OpenJDK\jdk-11.0.18.10-hotspot\bin\server\jvm.dll
0x00007ff941cb0000 - 0x00007ff941d60000 	C:\WINDOWS\System32\ADVAPI32.dll
0x00007ff941f50000 - 0x00007ff941ff6000 	C:\WINDOWS\System32\sechost.dll
0x00007ff940b30000 - 0x00007ff940c47000 	C:\WINDOWS\System32\RPCRT4.dll
0x00007ff93fe60000 - 0x00007ff93fe68000 	C:\WINDOWS\System32\PSAPI.DLL
0x00007ff9348d0000 - 0x00007ff934904000 	C:\WINDOWS\SYSTEM32\WINMM.dll
0x00007ff92a010000 - 0x00007ff92a019000 	C:\WINDOWS\SYSTEM32\WSOCK32.dll
0x00007ff935ff0000 - 0x00007ff935ffa000 	C:\WINDOWS\SYSTEM32\VERSION.dll
0x00007ff941c30000 - 0x00007ff941ca1000 	C:\WINDOWS\System32\WS2_32.dll
0x00007ff93e480000 - 0x00007ff93e498000 	C:\WINDOWS\SYSTEM32\kernel.appcore.dll
0x00007ff932eb0000 - 0x00007ff932ec0000 	C:\Program Files\OpenJDK\jdk-11.0.18.10-hotspot\bin\verify.dll
0x00007ff93ce60000 - 0x00007ff93d08e000 	C:\WINDOWS\SYSTEM32\DBGHELP.DLL
0x00007ff940e40000 - 0x00007ff9411ca000 	C:\WINDOWS\System32\combase.dll
0x00007ff941490000 - 0x00007ff941567000 	C:\WINDOWS\System32\OLEAUT32.dll
0x00007ff934120000 - 0x00007ff934152000 	C:\WINDOWS\SYSTEM32\dbgcore.DLL
0x00007ff93fde0000 - 0x00007ff93fe5a000 	C:\WINDOWS\System32\bcryptPrimitives.dll
0x00007ff919280000 - 0x00007ff9192a8000 	C:\Program Files\OpenJDK\jdk-11.0.18.10-hotspot\bin\java.dll
0x00007ff932e60000 - 0x00007ff932e6a000 	C:\Program Files\OpenJDK\jdk-11.0.18.10-hotspot\bin\jimage.dll
0x00007ff8f9e60000 - 0x00007ff8f9e98000 	C:\Program Files\OpenJDK\jdk-11.0.18.10-hotspot\bin\jdwp.dll
0x00007ff91d9e0000 - 0x00007ff91d9f8000 	C:\Program Files\OpenJDK\jdk-11.0.18.10-hotspot\bin\zip.dll

dbghelp: loaded successfully - version: 4.0.5 - missing functions: none
symbol engine: initialized successfully - sym options: 0x614 - pdb path: .;C:\Program Files\OpenJDK\jdk-11.0.18.10-hotspot\bin;C:\WINDOWS\SYSTEM32;C:\WINDOWS\WinSxS\amd64_microsoft.windows.common-controls_6595b64144ccf1df_6.0.22621.2215_none_270d72677387dfc3;C:\Program Files\OpenJDK\jdk-11.0.18.10-hotspot\bin\server

VM Arguments:
jvm_args: -agentlib:jdwp=transport=dt_socket,server=n,suspend=y,address=127.0.0.1:56757 -Dfile.encoding=windows-1252 -Duser.country=GB -Duser.language=en -Duser.variant 
java_command: com.ii.testautomation.InvictaTestAutomationProjectApplication
java_class_path (initial): D:\Final Projects\TestAutomation Latest\Invicta-Test-Automation-Project\build\classes\java\main;D:\Final Projects\TestAutomation Latest\Invicta-Test-Automation-Project\build\resources\main;C:\Users\invicta\.gradle\caches\modules-2\files-2.1\org.springframework.boot\spring-boot-starter-data-jpa\2.7.12\17fdcc9bc155a6e6459190078c3a37c7fce0ced8\spring-boot-starter-data-jpa-2.7.12.jar;C:\Users\invicta\.gradle\caches\modules-2\files-2.1\org.springframework.boot\spring-boot-starter-websocket\2.7.12\5aad125cdd0ddd4a2a5392cbd2b63d31d2b01d81\spring-boot-starter-websocket-2.7.12.jar;C:\Users\invicta\.gradle\caches\modules-2\files-2.1\org.springframework.boot\spring-boot-starter-web\2.7.12\aba3f96331e2cfa316d8ec7446804721120a0552\spring-boot-starter-web-2.7.12.jar;C:\Users\invicta\.gradle\caches\modules-2\files-2.1\com.querydsl\querydsl-apt\5.0.0\fa5554c395bdcbe9846242824857a82874ad3223\querydsl-apt-5.0.0.jar;C:\Users\invicta\.gradle\caches\modules-2\files-2.1\com.querydsl\querydsl-jpa\5.0.0\2d66608cb2cbcde56290e49f2918960cc17fcb09\querydsl-jpa-5.0.0.jar;C:\Users\invicta\.gradle\caches\modules-2\files-2.1\com.opencsv\opencsv\5.7.1\d707c095bc8c7c22fb3e377de774458a76229da4\opencsv-5.7.1.jar;C:\Users\invicta\.gradle\caches\modules-2\files-2.1\org.apache.commons\commons-csv\1.8\37ca9a9aa2d4be2599e55506a6d3170dd7a3df4\commons-csv-1.8.jar;C:\Users\invicta\.gradle\caches\modules-2\files-2.1\org.apache.commons\commons-text\1.10.0\3363381aef8cef2dbc1023b3e3a9433b08b64e01\commons-text-1.10.0.jar;C:\Users\invicta\.gradle\caches\modules-2\files-2.1\org.apache.commons\commons-lang3\3.12.0\c6842c86792ff03b9f1d1fe2aab8dc23aa6c6f0e\commons-lang3-3.12.0.jar;C:\Users\invicta\.gradle\caches\modules-2\files-2.1\org.apache.poi\poi-ooxml\5.2.2\a201b5bdc92c0fae4bed4b8e5546388c4c2f9eb0\poi-ooxml-5.2.2.jar;C:\Users\invicta\.gradle\caches\modules-2\files-2.1\javax.mail\javax.mail-api\1.6.2\17a8151bab44f9c94f34c10db70d95ba3c830eda\javax.mail-api-1.6.2.jar;C:\Users\invicta\.gr
Launcher Type: SUN_STANDARD

[Global flags]
     intx CICompilerCount                          = 4                                         {product} {ergonomic}
     uint ConcGCThreads                            = 2                                         {product} {ergonomic}
     uint G1ConcRefinementThreads                  = 8                                         {product} {ergonomic}
   size_t G1HeapRegionSize                         = 1048576                                   {product} {ergonomic}
    uintx GCDrainStackTargetSize                   = 64                                        {product} {ergonomic}
   size_t InitialHeapSize                          = 134217728                                 {product} {ergonomic}
   size_t MarkStackSize                            = 4194304                                   {product} {ergonomic}
   size_t MaxHeapSize                              = 2120220672                                {product} {ergonomic}
   size_t MinHeapDeltaBytes                        = 1048576                                   {product} {ergonomic}
    uintx NonNMethodCodeHeapSize                   = 5836300                                {pd product} {ergonomic}
    uintx NonProfiledCodeHeapSize                  = 122910970                              {pd product} {ergonomic}
    uintx ProfiledCodeHeapSize                     = 122910970                              {pd product} {ergonomic}
    uintx ReservedCodeCacheSize                    = 251658240                              {pd product} {ergonomic}
     bool SegmentedCodeCache                       = true                                      {product} {ergonomic}
     bool UseCompressedClassPointers               = true                                 {lp64_product} {ergonomic}
     bool UseCompressedOops                        = true                                 {lp64_product} {ergonomic}
     bool UseG1GC                                  = true                                      {product} {ergonomic}
     bool UseLargePagesIndividualAllocation        = false                                  {pd product} {ergonomic}

Logging:
Log output configuration:
 #0: stdout all=warning uptime,level,tags
 #1: stderr all=off uptime,level,tags

Environment Variables:
JAVA_HOME=C:\Program Files\OpenJDK\jdk-11.0.18.10-hotspot\
PATH=C:\Program Files\OpenJDK\jdk-11.0.18.10-hotspot\bin;C:\WINDOWS\system32;C:\WINDOWS;C:\WINDOWS\System32\Wbem;C:\WINDOWS\System32\WindowsPowerShell\v1.0\;C:\WINDOWS\System32\OpenSSH\;C:\Program Files\Git\cmd;C:\Program Files\Java\jdk-11\bin\java.exe;C:\Program Files\nodejs\;C:\Users\invicta\AppData\Local\Microsoft\WindowsApps;C:\Program Files\JetBrains\IntelliJ IDEA Community Edition 2023.1.1\bin;;C:\Users\invicta\AppData\Local\GitHubDesktop\bin;C:\Program Files\Java\jdk-11\bin\java.exe;;C:\Users\invicta\AppData\Local\Programs\Microsoft VS Code\bin;C:\Users\invicta\AppData\Roaming\npm
USERNAME=invicta
OS=Windows_NT
PROCESSOR_IDENTIFIER=Intel64 Family 6 Model 142 Stepping 10, GenuineIntel
TMP=C:\Users\invicta\AppData\Local\Temp
TEMP=C:\Users\invicta\AppData\Local\Temp



---------------  S Y S T E M  ---------------

OS: Windows 11 , 64 bit Build 22621 (10.0.22621.2215)
OS uptime: 1 days 1:51 hours

CPU:total 8 (initial active 8) (4 cores per cpu, 2 threads per core) family 6 model 142 stepping 10 microcode 0xf0, cmov, cx8, fxsr, mmx, sse, sse2, sse3, ssse3, sse4.1, sse4.2, popcnt, avx, avx2, aes, clmul, erms, 3dnowpref, lzcnt, ht, tsc, tscinvbit, bmi1, bmi2, adx, fma

Memory: 4k page, system-wide physical 8083M (660M free)
TotalPageFile size 32659M (AvailPageFile size 0M)
current process WorkingSet (physical memory assigned to process): 13M, peak: 13M
current process commit charge ("private bytes"): 192M, peak: 192M

vm_info: OpenJDK 64-Bit Server VM (11.0.18+10-adhoc..jdk11u) for windows-amd64 JRE (11.0.18+10-adhoc..jdk11u), built on Jan 18 2023 07:40:41 by "" with MS VC++ 15.9 (VS2017)

END.
